<?xml version="1.0" encoding="UTF-8"?>
<!-- Generated by org.testng.reporters.JUnitReportReporter -->
<testsuite skipped="0" hostname="UdayPatil" name="TestAmazon.Test1" tests="1" failures="0" timestamp="18 Feb 2020 11:37:48 GMT" time="32.901" errors="0">
  <testcase name="Test" time="32.901" classname="TestAmazon.Test1"/>
</testsuite> <!-- TestAmazon.Test1 -->
